<?xml version="1.0" encoding="UTF-8"?>
<testng-results ignored="0" total="3" passed="3" failed="0" skipped="0">
  <reporter-output>
  </reporter-output>
  <suite started-at="2024-04-07T01:24:50 IST" name="Default suite" finished-at="2024-04-07T01:24:50 IST" duration-ms="215">
    <groups>
      <group name="sanity1">
        <method signature="Dependency_TestNG.test2()[pri:0, instance:demo.Dependency_TestNG@63376bed]" name="test2" class="demo.Dependency_TestNG"/>
      </group> <!-- sanity1 -->
      <group name="AllClass">
        <method signature="Dependency_TestNG.test3()[pri:0, instance:demo.Dependency_TestNG@63376bed]" name="test3" class="demo.Dependency_TestNG"/>
        <method signature="Dependency_TestNG.test1()[pri:0, instance:demo.Dependency_TestNG@63376bed]" name="test1" class="demo.Dependency_TestNG"/>
        <method signature="Dependency_TestNG.test2()[pri:0, instance:demo.Dependency_TestNG@63376bed]" name="test2" class="demo.Dependency_TestNG"/>
      </group> <!-- AllClass -->
    </groups>
    <test started-at="2024-04-07T01:24:50 IST" name="Default test" finished-at="2024-04-07T01:24:50 IST" duration-ms="215">
      <class name="demo.Dependency_TestNG">
        <test-method signature="test2()[pri:0, instance:demo.Dependency_TestNG@63376bed]" started-at="2024-04-07T01:24:50 IST" name="test2" finished-at="2024-04-07T01:24:50 IST" duration-ms="19" status="PASS">
          <reporter-output>
          </reporter-output>
        </test-method> <!-- test2 -->
        <test-method signature="test3()[pri:0, instance:demo.Dependency_TestNG@63376bed]" started-at="2024-04-07T01:24:50 IST" name="test3" depends-on-groups="sanity1" finished-at="2024-04-07T01:24:50 IST" duration-ms="4" status="PASS">
          <reporter-output>
          </reporter-output>
        </test-method> <!-- test3 -->
        <test-method signature="test1()[pri:0, instance:demo.Dependency_TestNG@63376bed]" started-at="2024-04-07T01:24:50 IST" name="test1" finished-at="2024-04-07T01:24:50 IST" depends-on-methods="demo.Dependency_TestNG.test3" duration-ms="6" status="PASS">
          <reporter-output>
          </reporter-output>
        </test-method> <!-- test1 -->
      </class> <!-- demo.Dependency_TestNG -->
    </test> <!-- Default test -->
  </suite> <!-- Default suite -->
</testng-results>
