<?xml version="1.0" encoding="UTF-8"?>
<!-- Generated by org.testng.reporters.JUnitXMLReporter -->
<testsuite ignored="1" hostname="Souvik" failures="0" tests="3" name="Test1" time="0.284" errors="0" timestamp="2024-04-06T14:42:37 IST">
  <testcase classname="demo.IgnoreTest_TestNG" name="test1" time="0.023"/>
  <testcase classname="demo.IgnoreTest_TestNG" name="test3" time="0.013"/>
  <testcase classname="demo.IgnoreTest_TestNG" name="test4" time="0.005"/>
  <testcase classname="demo.IgnoreTest_TestNG" name="test2" time="0.0">
    <ignored/>
  </testcase> <!-- test2 -->
</testsuite> <!-- Test1 -->
